gradle/fmp-demo/demo/build/outputs/logs/manifest-merger-debug-report.txt
-- Merging decision tree log ---
manifest
ADDED from AndroidManifest.xml:2:1
	xmlns:android
		ADDED from AndroidManifest.xml:2:11
	package
		ADDED from AndroidManifest.xml:3:5
		INJECTED from AndroidManifest.xml:0:0
		INJECTED from AndroidManifest.xml:0:0
	android:versionName
		ADDED from AndroidManifest.xml:5:5
	android:versionCode
		ADDED from AndroidManifest.xml:4:5
		INJECTED from AndroidManifest.xml:0:0
		INJECTED from AndroidManifest.xml:0:0
uses-permission#android.permission.BROADCAST_STICKY
ADDED from AndroidManifest.xml:7:5
	android:name
		ADDED from AndroidManifest.xml:7:22
uses-permission#android.permission.INTERNET
ADDED from AndroidManifest.xml:8:5
	android:name
		ADDED from AndroidManifest.xml:8:22
uses-permission#android.permission.READ_EXTERNAL_STORAGE
ADDED from AndroidManifest.xml:9:5
	android:name
		ADDED from AndroidManifest.xml:9:22
uses-permission#android.permission.WAKE_LOCK
ADDED from AndroidManifest.xml:10:5
	android:name
		ADDED from AndroidManifest.xml:10:22
uses-sdk
ADDED from AndroidManifest.xml:12:5
	android:targetSdkVersion
		ADDED from AndroidManifest.xml:14:9
		INJECTED from AndroidManifest.xml:0:0
		INJECTED from AndroidManifest.xml:0:0
	android:minSdkVersion
		ADDED from AndroidManifest.xml:13:9
		INJECTED from AndroidManifest.xml:0:0
		INJECTED from AndroidManifest.xml:0:0
application
ADDED from AndroidManifest.xml:16:5
	android:label
		ADDED from AndroidManifest.xml:19:9
	android:allowBackup
		ADDED from AndroidManifest.xml:17:9
	android:icon
		ADDED from AndroidManifest.xml:18:9
	android:theme
		ADDED from AndroidManifest.xml:20:9
activity#wseemann.media.fmpdemo.activity.FMPDemo
ADDED from AndroidManifest.xml:21:9
	android:label
		ADDED from AndroidManifest.xml:23:13
	android:name
		ADDED from AndroidManifest.xml:22:13
intent-filter#android.intent.action.MAIN+android.intent.category.LAUNCHER
ADDED from AndroidManifest.xml:24:13
action#android.intent.action.MAIN
ADDED from AndroidManifest.xml:25:17
	android:name
		ADDED from AndroidManifest.xml:25:25
category#android.intent.category.LAUNCHER
ADDED from AndroidManifest.xml:27:17
	android:name
		ADDED from AndroidManifest.xml:27:27
intent-filter#android.intent.action.SEND+android.intent.category.DEFAULT
ADDED from AndroidManifest.xml:29:13
action#android.intent.action.SEND
ADDED from AndroidManifest.xml:30:7
	android:name
		ADDED from AndroidManifest.xml:30:15
category#android.intent.category.DEFAULT
ADDED from AndroidManifest.xml:31:7
	android:name
		ADDED from AndroidManifest.xml:31:17
data
ADDED from AndroidManifest.xml:32:7
	android:mimeType
		ADDED from AndroidManifest.xml:32:13
intent-filter#android.intent.action.VIEW+android.intent.category.BROWSABLE+android.intent.category.DEFAULT
ADDED from AndroidManifest.xml:34:4
action#android.intent.action.VIEW
ADDED from AndroidManifest.xml:35:5
	android:name
		ADDED from AndroidManifest.xml:35:13
category#android.intent.category.BROWSABLE
ADDED from AndroidManifest.xml:36:5
	android:name
		ADDED from AndroidManifest.xml:36:15
intent-filter#android.intent.action.VIEW+android.intent.category.DEFAULT
ADDED from AndroidManifest.xml:43:4
activity#wseemann.media.fmpdemo.activity.MediaPlayerActivity
ADDED from AndroidManifest.xml:52:9
	android:exported
		ADDED from AndroidManifest.xml:55:13
	android:name
		ADDED from AndroidManifest.xml:53:13
	android:launchMode
		ADDED from AndroidManifest.xml:54:13
intent-filter#android.intent.category.DEFAULT+wseemann.media.fmpdemo.PLAYBACK_VIEWER
ADDED from AndroidManifest.xml:56:13
action#wseemann.media.fmpdemo.PLAYBACK_VIEWER
ADDED from AndroidManifest.xml:57:14
	android:name
		ADDED from AndroidManifest.xml:57:22
service#wseemann.media.fmpdemo.service.MediaPlaybackService
ADDED from AndroidManifest.xml:62:9
	android:exported
		ADDED from AndroidManifest.xml:64:10
	android:name
		ADDED from AndroidManifest.xml:63:13
provider#wseemann.media.fmpdemo.provider.MediaProvider
ADDED from AndroidManifest.xml:66:9
	android:exported
		ADDED from AndroidManifest.xml:69:13
	android:authorities
		ADDED from AndroidManifest.xml:68:13
	android:name
		ADDED from AndroidManifest.xml:67:13